{"uuid":"0291b89b-570a-4969-b124-d300e005bc53","historyId":"a702b7f7d3934399257cf2af808513","fullName":"com.amazon.test.AmazonWebTest.TestItemAboutSection","labels":[{"name":"package","value":"com.amazon.test.AmazonWebTest"},{"name":"testClass","value":"com.amazon.test.AmazonWebTest"},{"name":"testMethod","value":"TestItemAboutSection"},{"name":"parentSuite","value":"AmazonTest"},{"name":"suite","value":"Chrome execution"},{"name":"subSuite","value":"com.amazon.test.AmazonWebTest"},{"name":"host","value":"TRACKMAN-6aYi2c"},{"name":"thread","value":"16532@TRACKMAN-6aYi2c.TestNG-tests-1(35)"},{"name":"framework","value":"testng"},{"name":"language","value":"java"}],"links":[],"name":"verify the About Section is displayed against the item","status":"failed","statusDetails":{"known":false,"muted":false,"flaky":false,"message":"expected [1] but found [0]","trace":"java.lang.AssertionError: expected [1] but found [0]\r\n\tat org.testng.Assert.fail(Assert.java:110)\r\n\tat org.testng.Assert.failNotEquals(Assert.java:1413)\r\n\tat org.testng.Assert.assertEqualsImpl(Assert.java:149)\r\n\tat org.testng.Assert.assertEquals(Assert.java:131)\r\n\tat org.testng.Assert.assertEquals(Assert.java:1240)\r\n\tat org.testng.Assert.assertEquals(Assert.java:1274)\r\n\tat com.amazon.page.shopping.ItemDetailPage.verifyAboutItemSectionAvailability(ItemDetailPage.java:23)\r\n\tat com.amazon.test.AmazonWebTest.TestItemAboutSection(AmazonWebTest.java:33)\r\n\tat java.base/jdk.internal.reflect.DirectMethodHandleAccessor.invoke(DirectMethodHandleAccessor.java:104)\r\n\tat java.base/java.lang.reflect.Method.invoke(Method.java:578)\r\n\tat org.testng.internal.invokers.MethodInvocationHelper.invokeMethod(MethodInvocationHelper.java:139)\r\n\tat org.testng.internal.invokers.TestInvoker.invokeMethod(TestInvoker.java:677)\r\n\tat org.testng.internal.invokers.TestInvoker.invokeTestMethod(TestInvoker.java:221)\r\n\tat org.testng.internal.invokers.MethodRunner.runInSequence(MethodRunner.java:50)\r\n\tat org.testng.internal.invokers.TestInvoker$MethodInvocationAgent.invoke(TestInvoker.java:962)\r\n\tat org.testng.internal.invokers.TestInvoker.invokeTestMethods(TestInvoker.java:194)\r\n\tat org.testng.internal.invokers.TestMethodWorker.invokeTestMethods(TestMethodWorker.java:148)\r\n\tat org.testng.internal.invokers.TestMethodWorker.run(TestMethodWorker.java:128)\r\n\tat java.base/java.util.ArrayList.forEach(ArrayList.java:1511)\r\n\tat org.testng.TestRunner.privateRun(TestRunner.java:806)\r\n\tat org.testng.TestRunner.run(TestRunner.java:601)\r\n\tat org.testng.SuiteRunner.runTest(SuiteRunner.java:433)\r\n\tat org.testng.SuiteRunner$SuiteWorker.run(SuiteRunner.java:471)\r\n\tat org.testng.internal.thread.ThreadUtil.lambda$execute$0(ThreadUtil.java:58)\r\n\tat java.base/java.util.concurrent.FutureTask.run(FutureTask.java:317)\r\n\tat java.base/java.util.concurrent.ThreadPoolExecutor.runWorker(ThreadPoolExecutor.java:1144)\r\n\tat java.base/java.util.concurrent.ThreadPoolExecutor$Worker.run(ThreadPoolExecutor.java:642)\r\n\tat java.base/java.lang.Thread.run(Thread.java:1589)\r\n"},"stage":"finished","steps":[{"name":"selectHamburger","status":"passed","stage":"finished","steps":[],"attachments":[],"parameters":[],"start":1666516868741,"stop":1666516869485},{"name":"selectItemCategory","status":"passed","stage":"finished","steps":[],"attachments":[],"parameters":[{"name":"itemCategory","value":"TV, Appliances, Electronics"}],"start":1666516869486,"stop":1666516869624},{"name":"selectItem","status":"passed","stage":"finished","steps":[],"attachments":[],"parameters":[{"name":"itemName","value":"Televisions"}],"start":1666516869626,"stop":1666516870629},{"name":"filterListingBy","status":"passed","stage":"finished","steps":[],"attachments":[],"parameters":[{"name":"filterBy","value":"Brands"},{"name":"filterName","value":"Samsung"}],"start":1666516870629,"stop":1666516872177},{"name":"sortListings","status":"passed","stage":"finished","steps":[],"attachments":[],"parameters":[{"name":"value","value":"Price: High to Low"}],"start":1666516872177,"stop":1666516875660},{"name":"selectItemWithSecondHighestPrice","status":"passed","stage":"finished","steps":[],"attachments":[],"parameters":[],"start":1666516875660,"stop":1666516876904},{"name":"verifyAboutItemSectionAvailability","status":"failed","statusDetails":{"known":false,"muted":false,"flaky":false,"message":"expected [1] but found [0]","trace":"java.lang.AssertionError: expected [1] but found [0]\r\n\tat org.testng.Assert.fail(Assert.java:110)\r\n\tat org.testng.Assert.failNotEquals(Assert.java:1413)\r\n\tat org.testng.Assert.assertEqualsImpl(Assert.java:149)\r\n\tat org.testng.Assert.assertEquals(Assert.java:131)\r\n\tat org.testng.Assert.assertEquals(Assert.java:1240)\r\n\tat org.testng.Assert.assertEquals(Assert.java:1274)\r\n\tat com.amazon.page.shopping.ItemDetailPage.verifyAboutItemSectionAvailability(ItemDetailPage.java:23)\r\n\tat com.amazon.test.AmazonWebTest.TestItemAboutSection(AmazonWebTest.java:33)\r\n\tat java.base/jdk.internal.reflect.DirectMethodHandleAccessor.invoke(DirectMethodHandleAccessor.java:104)\r\n\tat java.base/java.lang.reflect.Method.invoke(Method.java:578)\r\n\tat org.testng.internal.invokers.MethodInvocationHelper.invokeMethod(MethodInvocationHelper.java:139)\r\n\tat org.testng.internal.invokers.TestInvoker.invokeMethod(TestInvoker.java:677)\r\n\tat org.testng.internal.invokers.TestInvoker.invokeTestMethod(TestInvoker.java:221)\r\n\tat org.testng.internal.invokers.MethodRunner.runInSequence(MethodRunner.java:50)\r\n\tat org.testng.internal.invokers.TestInvoker$MethodInvocationAgent.invoke(TestInvoker.java:962)\r\n\tat org.testng.internal.invokers.TestInvoker.invokeTestMethods(TestInvoker.java:194)\r\n\tat org.testng.internal.invokers.TestMethodWorker.invokeTestMethods(TestMethodWorker.java:148)\r\n\tat org.testng.internal.invokers.TestMethodWorker.run(TestMethodWorker.java:128)\r\n\tat java.base/java.util.ArrayList.forEach(ArrayList.java:1511)\r\n\tat org.testng.TestRunner.privateRun(TestRunner.java:806)\r\n\tat org.testng.TestRunner.run(TestRunner.java:601)\r\n\tat org.testng.SuiteRunner.runTest(SuiteRunner.java:433)\r\n\tat org.testng.SuiteRunner$SuiteWorker.run(SuiteRunner.java:471)\r\n\tat org.testng.internal.thread.ThreadUtil.lambda$execute$0(ThreadUtil.java:58)\r\n\tat java.base/java.util.concurrent.FutureTask.run(FutureTask.java:317)\r\n\tat java.base/java.util.concurrent.ThreadPoolExecutor.runWorker(ThreadPoolExecutor.java:1144)\r\n\tat java.base/java.util.concurrent.ThreadPoolExecutor$Worker.run(ThreadPoolExecutor.java:642)\r\n\tat java.base/java.lang.Thread.run(Thread.java:1589)\r\n"},"stage":"finished","steps":[],"attachments":[],"parameters":[],"start":1666516876904,"stop":1666516937299}],"attachments":[],"parameters":[{"name":"arg3","value":"Samsung"},{"name":"arg2","value":"Brands"},{"name":"arg4","value":"Price: High to Low"},{"name":"arg1","value":"Televisions"},{"name":"browser","value":"chrome"},{"name":"arg0","value":"TV, Appliances, Electronics"}],"start":1666516868613,"stop":1666516937315}